2021-08-19 10:47:05.242     ERROR springboot_kgraph 14092 [AMQP Connection 10.241.0.43:5672] org.springframework.amqp.rabbit.connection.CachingConnectionFactory$DefaultChannelCloseLogger 155350127 [--]     --- Channel shutdown: connection error
2021-08-19 10:47:05.512     ERROR springboot_kgraph 14092 [AMQP Connection 10.241.0.43:5672] org.springframework.amqp.rabbit.connection.CachingConnectionFactory$DefaultChannelCloseLogger 155350397 [--]     --- Channel shutdown: connection error
2021-08-19 10:47:05.513     ERROR springboot_kgraph 14092 [AMQP Connection 10.241.0.43:5672] org.springframework.amqp.rabbit.connection.CachingConnectionFactory$DefaultChannelCloseLogger 155350398 [--]     --- Channel shutdown: connection error
2021-08-19 10:47:11.403     ERROR springboot_kgraph 14092 [SimpleAsyncTaskExecutor-5] org.springframework.amqp.rabbit.listener.SimpleMessageListenerContainer 155356288 [--]     --- Failed to check/redeclare auto-delete queue(s).

org.springframework.amqp.AmqpIOException: java.net.NoRouteToHostException: No route to host: connect
	at org.springframework.amqp.rabbit.support.RabbitExceptionTranslator.convertRabbitAccessException(RabbitExceptionTranslator.java:71)
	at org.springframework.amqp.rabbit.connection.AbstractConnectionFactory.createBareConnection(AbstractConnectionFactory.java:407)
	at org.springframework.amqp.rabbit.connection.CachingConnectionFactory.createConnection(CachingConnectionFactory.java:588)
	at org.springframework.amqp.rabbit.core.RabbitTemplate.doExecute(RabbitTemplate.java:1438)
	at org.springframework.amqp.rabbit.core.RabbitTemplate.execute(RabbitTemplate.java:1419)
	at org.springframework.amqp.rabbit.core.RabbitTemplate.execute(RabbitTemplate.java:1395)
	at org.springframework.amqp.rabbit.core.RabbitAdmin.getQueueProperties(RabbitAdmin.java:368)
	at org.springframework.amqp.rabbit.listener.SimpleMessageListenerContainer.redeclareElementsIfNecessary(SimpleMessageListenerContainer.java:1241)
	at org.springframework.amqp.rabbit.listener.SimpleMessageListenerContainer$AsyncMessageProcessingConsumer.run(SimpleMessageListenerContainer.java:1502)
	at java.lang.Thread.run(Thread.java:748)
Caused by: java.net.NoRouteToHostException: No route to host: connect
	at java.net.DualStackPlainSocketImpl.waitForConnect(Native Method)
	at java.net.DualStackPlainSocketImpl.socketConnect(DualStackPlainSocketImpl.java:85)
	at java.net.AbstractPlainSocketImpl.doConnect(AbstractPlainSocketImpl.java:350)
	at java.net.AbstractPlainSocketImpl.connectToAddress(AbstractPlainSocketImpl.java:206)
	at java.net.AbstractPlainSocketImpl.connect(AbstractPlainSocketImpl.java:188)
	at java.net.PlainSocketImpl.connect(PlainSocketImpl.java:172)
	at java.net.SocksSocketImpl.connect(SocksSocketImpl.java:392)
	at java.net.Socket.connect(Socket.java:606)
	at com.rabbitmq.client.impl.SocketFrameHandlerFactory.create(SocketFrameHandlerFactory.java:57)
	at com.rabbitmq.client.ConnectionFactory.newConnection(ConnectionFactory.java:1157)
	at com.rabbitmq.client.ConnectionFactory.newConnection(ConnectionFactory.java:1109)
	at com.rabbitmq.client.ConnectionFactory.newConnection(ConnectionFactory.java:1272)
	at org.springframework.amqp.rabbit.connection.AbstractConnectionFactory.createBareConnection(AbstractConnectionFactory.java:375)
	... 8 common frames omitted

2021-08-19 10:47:11.403     ERROR springboot_kgraph 14092 [org.springframework.amqp.rabbit.listener.SimpleMessageListenerContainer#1-5] org.springframework.amqp.rabbit.listener.SimpleMessageListenerContainer 155356288 [--]     --- Failed to check/redeclare auto-delete queue(s).

org.springframework.amqp.AmqpIOException: java.net.NoRouteToHostException: No route to host: connect
	at org.springframework.amqp.rabbit.support.RabbitExceptionTranslator.convertRabbitAccessException(RabbitExceptionTranslator.java:71)
	at org.springframework.amqp.rabbit.connection.AbstractConnectionFactory.createBareConnection(AbstractConnectionFactory.java:407)
	at org.springframework.amqp.rabbit.connection.CachingConnectionFactory.createConnection(CachingConnectionFactory.java:588)
	at org.springframework.amqp.rabbit.core.RabbitTemplate.doExecute(RabbitTemplate.java:1438)
	at org.springframework.amqp.rabbit.core.RabbitTemplate.execute(RabbitTemplate.java:1419)
	at org.springframework.amqp.rabbit.core.RabbitTemplate.execute(RabbitTemplate.java:1395)
	at org.springframework.amqp.rabbit.core.RabbitAdmin.getQueueProperties(RabbitAdmin.java:368)
	at org.springframework.amqp.rabbit.listener.SimpleMessageListenerContainer.redeclareElementsIfNecessary(SimpleMessageListenerContainer.java:1241)
	at org.springframework.amqp.rabbit.listener.SimpleMessageListenerContainer$AsyncMessageProcessingConsumer.run(SimpleMessageListenerContainer.java:1502)
	at java.lang.Thread.run(Thread.java:748)
Caused by: java.net.NoRouteToHostException: No route to host: connect
	at java.net.DualStackPlainSocketImpl.waitForConnect(Native Method)
	at java.net.DualStackPlainSocketImpl.socketConnect(DualStackPlainSocketImpl.java:85)
	at java.net.AbstractPlainSocketImpl.doConnect(AbstractPlainSocketImpl.java:350)
	at java.net.AbstractPlainSocketImpl.connectToAddress(AbstractPlainSocketImpl.java:206)
	at java.net.AbstractPlainSocketImpl.connect(AbstractPlainSocketImpl.java:188)
	at java.net.PlainSocketImpl.connect(PlainSocketImpl.java:172)
	at java.net.SocksSocketImpl.connect(SocksSocketImpl.java:392)
	at java.net.Socket.connect(Socket.java:606)
	at com.rabbitmq.client.impl.SocketFrameHandlerFactory.create(SocketFrameHandlerFactory.java:57)
	at com.rabbitmq.client.ConnectionFactory.newConnection(ConnectionFactory.java:1157)
	at com.rabbitmq.client.ConnectionFactory.newConnection(ConnectionFactory.java:1109)
	at com.rabbitmq.client.ConnectionFactory.newConnection(ConnectionFactory.java:1272)
	at org.springframework.amqp.rabbit.connection.AbstractConnectionFactory.createBareConnection(AbstractConnectionFactory.java:375)
	... 8 common frames omitted

2021-08-19 10:47:11.409     ERROR springboot_kgraph 14092 [org.springframework.amqp.rabbit.listener.SimpleMessageListenerContainer#0-5] org.springframework.amqp.rabbit.listener.SimpleMessageListenerContainer 155356294 [--]     --- Failed to check/redeclare auto-delete queue(s).

org.springframework.amqp.AmqpIOException: java.net.SocketTimeoutException: connect timed out
	at org.springframework.amqp.rabbit.support.RabbitExceptionTranslator.convertRabbitAccessException(RabbitExceptionTranslator.java:71)
	at org.springframework.amqp.rabbit.connection.AbstractConnectionFactory.createBareConnection(AbstractConnectionFactory.java:407)
	at org.springframework.amqp.rabbit.connection.CachingConnectionFactory.createConnection(CachingConnectionFactory.java:588)
	at org.springframework.amqp.rabbit.connection.CachingConnectionFactory.createBareChannel(CachingConnectionFactory.java:541)
	at org.springframework.amqp.rabbit.connection.CachingConnectionFactory.getCachedChannelProxy(CachingConnectionFactory.java:515)
	at org.springframework.amqp.rabbit.connection.CachingConnectionFactory.getChannel(CachingConnectionFactory.java:497)
	at org.springframework.amqp.rabbit.connection.CachingConnectionFactory.access$1300(CachingConnectionFactory.java:102)
	at org.springframework.amqp.rabbit.connection.CachingConnectionFactory$ChannelCachingConnectionProxy.createChannel(CachingConnectionFactory.java:1213)
	at org.springframework.amqp.rabbit.core.RabbitTemplate.doExecute(RabbitTemplate.java:1443)
	at org.springframework.amqp.rabbit.core.RabbitTemplate.execute(RabbitTemplate.java:1419)
	at org.springframework.amqp.rabbit.core.RabbitTemplate.execute(RabbitTemplate.java:1395)
	at org.springframework.amqp.rabbit.core.RabbitAdmin.getQueueProperties(RabbitAdmin.java:368)
	at org.springframework.amqp.rabbit.listener.SimpleMessageListenerContainer.redeclareElementsIfNecessary(SimpleMessageListenerContainer.java:1241)
	at org.springframework.amqp.rabbit.listener.SimpleMessageListenerContainer$AsyncMessageProcessingConsumer.run(SimpleMessageListenerContainer.java:1502)
	at java.lang.Thread.run(Thread.java:748)
Caused by: java.net.SocketTimeoutException: connect timed out
	at java.net.DualStackPlainSocketImpl.waitForConnect(Native Method)
	at java.net.DualStackPlainSocketImpl.socketConnect(DualStackPlainSocketImpl.java:85)
	at java.net.AbstractPlainSocketImpl.doConnect(AbstractPlainSocketImpl.java:350)
	at java.net.AbstractPlainSocketImpl.connectToAddress(AbstractPlainSocketImpl.java:206)
	at java.net.AbstractPlainSocketImpl.connect(AbstractPlainSocketImpl.java:188)
	at java.net.PlainSocketImpl.connect(PlainSocketImpl.java:172)
	at java.net.SocksSocketImpl.connect(SocksSocketImpl.java:392)
	at java.net.Socket.connect(Socket.java:606)
	at com.rabbitmq.client.impl.SocketFrameHandlerFactory.create(SocketFrameHandlerFactory.java:57)
	at com.rabbitmq.client.ConnectionFactory.newConnection(ConnectionFactory.java:1157)
	at com.rabbitmq.client.ConnectionFactory.newConnection(ConnectionFactory.java:1109)
	at com.rabbitmq.client.ConnectionFactory.newConnection(ConnectionFactory.java:1272)
	at org.springframework.amqp.rabbit.connection.AbstractConnectionFactory.createBareConnection(AbstractConnectionFactory.java:375)
	... 13 common frames omitted

